<?xml version="1.0" encoding="UTF-8"?>
<testng-results ignored="0" total="1" passed="1" failed="0" skipped="0">
  <reporter-output>
  </reporter-output>
  <suite started-at="2024-11-13T21:40:04 IST" name="Default suite" finished-at="2024-11-13T21:40:52 IST" duration-ms="48387">
    <groups>
    </groups>
    <test started-at="2024-11-13T21:40:04 IST" name="Default test" finished-at="2024-11-13T21:40:52 IST" duration-ms="48387">
      <class name="alltestcases.CarValuationTest">
        <test-method is-config="true" signature="generateHTMLReport()[pri:0, instance:alltestcases.CarValuationTest@27f981c6]" started-at="2024-11-13T21:40:03 IST" name="generateHTMLReport" finished-at="2024-11-13T21:40:04 IST" duration-ms="439" status="PASS">
          <reporter-output>
          </reporter-output>
        </test-method> <!-- generateHTMLReport -->
        <test-method is-config="true" signature="setUp()[pri:0, instance:alltestcases.CarValuationTest@27f981c6]" started-at="2024-11-13T21:40:04 IST" name="setUp" finished-at="2024-11-13T21:40:11 IST" duration-ms="7477" status="PASS">
          <reporter-output>
          </reporter-output>
        </test-method> <!-- setUp -->
        <test-method signature="testCarValuations()[pri:0, instance:alltestcases.CarValuationTest@27f981c6]" started-at="2024-11-13T21:40:11 IST" name="testCarValuations" finished-at="2024-11-13T21:40:51 IST" duration-ms="39543" status="PASS">
          <reporter-output>
          </reporter-output>
        </test-method> <!-- testCarValuations -->
        <test-method is-config="true" signature="tearDown()[pri:0, instance:alltestcases.CarValuationTest@27f981c6]" started-at="2024-11-13T21:40:51 IST" name="tearDown" finished-at="2024-11-13T21:40:52 IST" duration-ms="1325" status="PASS">
          <reporter-output>
          </reporter-output>
        </test-method> <!-- tearDown -->
        <test-method is-config="true" signature="saveReport()[pri:0, instance:alltestcases.CarValuationTest@27f981c6]" started-at="2024-11-13T21:40:52 IST" name="saveReport" finished-at="2024-11-13T21:40:53 IST" duration-ms="511" status="PASS">
          <reporter-output>
          </reporter-output>
        </test-method> <!-- saveReport -->
      </class> <!-- alltestcases.CarValuationTest -->
    </test> <!-- Default test -->
  </suite> <!-- Default suite -->
</testng-results>
