<?xml version="1.0" encoding="UTF-8"?>
<testng-results ignored="0" total="1" passed="1" failed="0" skipped="0">
  <reporter-output>
  </reporter-output>
  <suite started-at="2024-11-13T21:59:04 GMT" name="Default suite" finished-at="2024-11-13T22:06:26 GMT" duration-ms="442283">
    <groups>
    </groups>
    <test started-at="2024-11-13T21:59:04 GMT" name="Default test" finished-at="2024-11-13T22:06:26 GMT" duration-ms="442283">
      <class name="alltestcases.CarValuationTest">
        <test-method is-config="true" signature="generateHTMLReport()[pri:0, instance:alltestcases.CarValuationTest@33afa13b]" started-at="2024-11-13T21:59:04 GMT" name="generateHTMLReport" finished-at="2024-11-13T21:59:04 GMT" duration-ms="112" status="PASS">
          <reporter-output>
          </reporter-output>
        </test-method> <!-- generateHTMLReport -->
        <test-method is-config="true" signature="setUp()[pri:0, instance:alltestcases.CarValuationTest@33afa13b]" started-at="2024-11-13T21:59:04 GMT" name="setUp" finished-at="2024-11-13T21:59:37 GMT" duration-ms="32628" status="PASS">
          <reporter-output>
          </reporter-output>
        </test-method> <!-- setUp -->
        <test-method signature="testCarValuations()[pri:0, instance:alltestcases.CarValuationTest@33afa13b]" started-at="2024-11-13T21:59:37 GMT" name="testCarValuations" finished-at="2024-11-13T22:06:26 GMT" duration-ms="409295" status="PASS">
          <reporter-output>
          </reporter-output>
        </test-method> <!-- testCarValuations -->
        <test-method is-config="true" signature="tearDown()[pri:0, instance:alltestcases.CarValuationTest@33afa13b]" started-at="2024-11-13T22:06:26 GMT" name="tearDown" finished-at="2024-11-13T22:06:26 GMT" duration-ms="315" status="PASS">
          <reporter-output>
          </reporter-output>
        </test-method> <!-- tearDown -->
        <test-method is-config="true" signature="saveReport()[pri:0, instance:alltestcases.CarValuationTest@33afa13b]" started-at="2024-11-13T22:06:26 GMT" name="saveReport" finished-at="2024-11-13T22:06:27 GMT" duration-ms="173" status="PASS">
          <reporter-output>
          </reporter-output>
        </test-method> <!-- saveReport -->
      </class> <!-- alltestcases.CarValuationTest -->
    </test> <!-- Default test -->
  </suite> <!-- Default suite -->
</testng-results>
